<?xml version="1.0" encoding="UTF-8"?>
<!-- Generated by org.testng.reporters.JUnitReportReporter -->
<testsuite hostname="DESKTOP-24NK06K" failures="0" tests="1" name="pageobject.landingpage.LandingPageObject" time="27.254" errors="0" timestamp="21 Jan 2021 03:39:25 GMT">
  <testcase classname="pageobject.landingpage.LandingPageObject" name="openBrowser" time="27.254"/>
</testsuite> <!-- pageobject.landingpage.LandingPageObject -->
