<?xml version="1.0" encoding="UTF-8"?>
<!-- Generated by org.testng.reporters.JUnitReportReporter -->
<testsuite hostname="DESKTOP-24NK06K" failures="0" tests="1" name="test.Tests" time="24.438" errors="0" timestamp="26 Jan 2021 02:00:07 GMT">
  <testcase classname="test.Tests" name="openBrowser" time="24.438"/>
</testsuite> <!-- test.Tests -->
